[2023-03-16 16:27:31.315108] Selected countries are: US CA GB DE
[2023-03-16 16:27:41.875600] Beginning test run for GameID: amzn1.adg.product.90ab660a-84c6-4d20-81f8-223cd5259aa8
[2023-03-16 16:27:41.875600] Attempting to login...
[2023-03-16 16:28:08.442347] Selecting COR...
[2023-03-16 16:28:08.883007] Saved screenshot: image_results\amzn1.adg.product.90ab660a-84c6-4d20-81f8-223cd5259aa8_COR-US-Language.png
[2023-03-16 16:28:08.891024] Attempting to visit game page...
[2023-03-16 16:28:14.370737] Attempting to launch the game...
[2023-03-16 16:29:34.208947] Game launch detected! Taking screenshot in 180 seconds.
[2023-03-16 16:32:35.818811] Saved screenshot: image_results\amzn1.adg.product.90ab660a-84c6-4d20-81f8-223cd5259aa8_COR-US-Result.png
[2023-03-16 16:32:35.948867] Quitting the game session...
[2023-03-16 16:33:01.401756] Selecting COR...
[2023-03-16 16:33:01.752643] Saved screenshot: image_results\amzn1.adg.product.90ab660a-84c6-4d20-81f8-223cd5259aa8_COR-CA-Language.png
[2023-03-16 16:33:01.752643] Attempting to visit game page...
[2023-03-16 16:33:07.286855] Attempting to launch the game...
[2023-03-16 16:34:16.761673] Game launch detected! Taking screenshot in 180 seconds.
[2023-03-16 16:38:06.805982] COR-CA test failed due to script error!
[2023-03-16 16:39:13.344640] Selected countries are: US CA GB DE
[2023-03-16 16:39:22.903447] Beginning test run for GameID: amzn1.adg.product.90ab660a-84c6-4d20-81f8-223cd5259aa8
[2023-03-16 16:39:22.903447] Attempting to login...
[2023-03-16 16:39:49.452201] Selecting COR...
[2023-03-16 16:39:49.851271] Saved screenshot: image_results\amzn1.adg.product.90ab660a-84c6-4d20-81f8-223cd5259aa8_COR-US-Language_1.png
[2023-03-16 16:39:49.852947] Attempting to visit game page...
[2023-03-16 16:39:55.431266] Attempting to launch the game...
[2023-03-16 16:40:08.597713] Detected pre-existing game session.
[2023-03-16 16:40:08.602251] Game failed to launch!
[2023-03-16 16:40:10.282183] Saved screenshot: image_results\amzn1.adg.product.90ab660a-84c6-4d20-81f8-223cd5259aa8_COR-US_LaunchError.png
[2023-03-16 16:40:10.282183] Running reset...
[2023-03-16 16:40:10.302542] Quitting the game session...
[2023-03-16 16:40:39.413963] Selecting COR...
[2023-03-16 16:40:39.735073] Saved screenshot: image_results\amzn1.adg.product.90ab660a-84c6-4d20-81f8-223cd5259aa8_COR-US-Language_2.png
[2023-03-16 16:40:39.735073] Attempting to visit game page...
[2023-03-16 16:40:45.148011] Attempting to launch the game...
[2023-03-16 16:42:17.055880] Game launch detected! Taking screenshot in 150 seconds.
[2023-03-16 16:44:48.373504] Saved screenshot: image_results\amzn1.adg.product.90ab660a-84c6-4d20-81f8-223cd5259aa8_COR-US-Result_1.png
[2023-03-16 16:44:48.445330] Quitting the game session...
[2023-03-16 16:45:14.124971] Selecting COR...
[2023-03-16 16:45:14.452943] Saved screenshot: image_results\amzn1.adg.product.90ab660a-84c6-4d20-81f8-223cd5259aa8_COR-CA-Language_1.png
[2023-03-16 16:45:14.452943] Attempting to visit game page...
[2023-03-16 16:45:19.728428] Attempting to launch the game...
[2023-03-16 16:47:27.038747] Game launch detected! Taking screenshot in 150 seconds.
[2023-03-16 16:49:58.396793] Saved screenshot: image_results\amzn1.adg.product.90ab660a-84c6-4d20-81f8-223cd5259aa8_COR-CA-Result.png
[2023-03-16 16:49:58.455654] Quitting the game session...
[2023-03-16 16:50:23.484915] Selecting COR...
[2023-03-16 16:50:23.806215] Saved screenshot: image_results\amzn1.adg.product.90ab660a-84c6-4d20-81f8-223cd5259aa8_COR-GB-Language.png
[2023-03-16 16:50:23.806215] Attempting to visit game page...
[2023-03-16 16:50:29.219809] Attempting to launch the game...
[2023-03-16 16:52:16.044696] Game launch detected! Taking screenshot in 150 seconds.
[2023-03-16 16:54:50.283269] Saved screenshot: image_results\amzn1.adg.product.90ab660a-84c6-4d20-81f8-223cd5259aa8_COR-GB-Result.png
[2023-03-16 16:54:50.483268] Quitting the game session...
[2023-03-16 16:55:29.321835] Selecting COR...
[2023-03-16 16:55:30.563501] Saved screenshot: image_results\amzn1.adg.product.90ab660a-84c6-4d20-81f8-223cd5259aa8_COR-DE-Language.png
[2023-03-16 16:55:30.571494] Attempting to visit game page...
[2023-03-16 16:55:37.921788] Attempting to launch the game...
[2023-03-16 16:57:25.106791] Game launch detected! Taking screenshot in 150 seconds.
[2023-03-16 16:59:55.831588] Saved screenshot: image_results\amzn1.adg.product.90ab660a-84c6-4d20-81f8-223cd5259aa8_COR-DE-Result.png
[2023-03-16 16:59:55.862178] Quitting the game session...
[2023-03-16 17:00:08.961845] COR-DE test failed due to script error!
[2023-03-16 17:00:09.831073] Saved screenshot: image_results\amzn1.adg.product.90ab660a-84c6-4d20-81f8-223cd5259aa8_COR-DE-Error.png
[2023-03-16 17:00:09.836626] Running reset...
[2023-03-16 17:00:19.715053] Tests completed. Check saved images in the script folder for results.
[2023-03-16 17:31:23.437859] Selected countries are: US CA GB DE
[2023-03-16 17:31:28.912546] Beginning test run for GameID: amzn1.adg.product.5e252757-b8e0-412b-98a5-0abe433b7a9c
[2023-03-16 17:31:28.914704] Attempting to login...
[2023-03-16 17:31:55.325801] Selecting COR...
[2023-03-16 17:31:55.676176] Saved screenshot: image_results\amzn1.adg.product.5e252757-b8e0-412b-98a5-0abe433b7a9c_COR-US-Language.png
[2023-03-16 17:31:55.677393] Attempting to visit game page...
[2023-03-16 17:32:00.910316] Attempting to launch the game...
[2023-03-16 17:35:31.225411] COR-US test failed due to script error!
[2023-03-16 17:35:33.146481] Saved screenshot: image_results\amzn1.adg.product.5e252757-b8e0-412b-98a5-0abe433b7a9c_COR-US-Error.png
[2023-03-16 17:35:33.148472] Running reset...
[2023-03-16 17:35:50.447254] Selecting COR...
[2023-03-16 17:35:50.762748] Saved screenshot: image_results\amzn1.adg.product.5e252757-b8e0-412b-98a5-0abe433b7a9c_COR-CA-Language.png
[2023-03-16 17:35:50.763523] Attempting to visit game page...
[2023-03-16 17:35:56.149149] Attempting to launch the game...
[2023-03-16 17:36:09.363670] Detected pre-existing game session.
[2023-03-16 17:36:09.365655] Game failed to launch!
[2023-03-16 17:36:09.770439] Saved screenshot: image_results\amzn1.adg.product.5e252757-b8e0-412b-98a5-0abe433b7a9c_COR-CA_LaunchError.png
[2023-03-16 17:36:09.772403] Running reset...
[2023-03-16 17:36:09.783506] Quitting the game session...
[2023-03-16 17:36:39.101579] Selecting COR...
[2023-03-16 17:36:39.398430] Saved screenshot: image_results\amzn1.adg.product.5e252757-b8e0-412b-98a5-0abe433b7a9c_COR-CA-Language_1.png
[2023-03-16 17:36:39.399378] Attempting to visit game page...
[2023-03-16 17:36:44.752850] Attempting to launch the game...
[2023-03-16 17:39:29.243958] Game launch detected! Taking screenshot in 150 seconds.
[2023-03-16 17:41:59.934496] Saved screenshot: image_results\amzn1.adg.product.5e252757-b8e0-412b-98a5-0abe433b7a9c_COR-CA-Result.png
[2023-03-16 17:41:59.991547] Quitting the game session...
[2023-03-16 17:42:13.099961] COR-CA test failed due to script error!
[2023-03-16 17:42:13.905392] Saved screenshot: image_results\amzn1.adg.product.5e252757-b8e0-412b-98a5-0abe433b7a9c_COR-CA-Error.png
[2023-03-16 17:42:13.908356] Running reset...
[2023-03-16 17:42:32.057297] Selecting COR...
[2023-03-16 17:42:32.348000] Saved screenshot: image_results\amzn1.adg.product.5e252757-b8e0-412b-98a5-0abe433b7a9c_COR-GB-Language.png
[2023-03-16 17:42:32.349264] Attempting to visit game page...
[2023-03-16 17:42:37.656109] Attempting to launch the game...
[2023-03-16 17:44:32.772219] Game launch detected! Taking screenshot in 150 seconds.
[2023-03-16 17:47:04.477632] Saved screenshot: image_results\amzn1.adg.product.5e252757-b8e0-412b-98a5-0abe433b7a9c_COR-GB-Result.png
[2023-03-16 17:47:04.557900] Quitting the game session...
[2023-03-16 17:47:29.666108] Selecting COR...
[2023-03-16 17:47:30.006163] Saved screenshot: image_results\amzn1.adg.product.5e252757-b8e0-412b-98a5-0abe433b7a9c_COR-DE-Language.png
[2023-03-16 17:47:30.008159] Attempting to visit game page...
[2023-03-16 17:47:35.496221] Attempting to launch the game...
[2023-03-16 17:49:37.951949] Game launch detected! Taking screenshot in 150 seconds.
[2023-03-16 17:52:08.819428] Saved screenshot: image_results\amzn1.adg.product.5e252757-b8e0-412b-98a5-0abe433b7a9c_COR-DE-Result.png
[2023-03-16 17:52:08.860543] Quitting the game session...
[2023-03-16 17:52:25.656589] Tests completed. Check saved images in the script folder for results.
